<?xml version="1.0" encoding="UTF-8"?>
<!-- Generated by org.testng.reporters.JUnitReportReporter -->
<testsuite hostname="Eman-Abdulah" failures="0" tests="1" name="seleniumInterview.InterviewTest" time="4.079" errors="0" timestamp="2022-08-29T22:56:20 EET" skipped="0">
  <testcase classname="seleniumInterview.InterviewTest" name="verifyCheckout" time="4.079"/>
  <system-out/>
</testsuite> <!-- seleniumInterview.InterviewTest -->
